This file contains any messages produced by compilers while
running configure, to aid debugging if configure makes a mistake.

It was created by nDPI configure 1.4.0, which was
generated by GNU Autoconf 2.63.  Invocation command line was

  $ ./configure --no-create --no-recursion

## --------- ##
## Platform. ##
## --------- ##

hostname = localhost.localdomain
uname -m = x86_64
uname -r = 2.6.32-431.el6.x86_64
uname -s = Linux
uname -v = #1 SMP Fri Nov 22 03:15:09 UTC 2013

/usr/bin/uname -p = unknown
/bin/uname -X     = unknown

/bin/arch              = x86_64
/usr/bin/arch -k       = unknown
/usr/convex/getsysinfo = unknown
/usr/bin/hostinfo      = unknown
/bin/machine           = unknown
/usr/bin/oslevel       = unknown
/bin/universe          = unknown

PATH: /usr/local/sbin
PATH: /usr/sbin
PATH: /sbin
PATH: /usr/local/bin
PATH: /usr/bin
PATH: /bin
PATH: /root/bin
PATH: /usr/local/git/bin


## ----------- ##
## Core tests. ##
## ----------- ##

configure:2087: checking for a BSD-compatible install
configure:2155: result: /usr/bin/install -c
configure:2166: checking whether build environment is sane
configure:2226: result: yes
configure:2367: checking for a thread-safe mkdir -p
configure:2406: result: /bin/mkdir -p
configure:2419: checking for gawk
configure:2435: found /usr/bin/gawk
configure:2446: result: gawk
configure:2457: checking whether make sets $(MAKE)
configure:2479: result: yes
configure:2593: checking build system type
configure:2611: result: x86_64-unknown-linux-gnu
configure:2633: checking host system type
configure:2648: result: x86_64-unknown-linux-gnu
configure:2682: checking for style of include used by make
configure:2710: result: GNU
configure:2780: checking for gcc
configure:2796: found /usr/bin/gcc
configure:2807: result: gcc
configure:3039: checking for C compiler version
configure:3047: gcc --version >&5
gcc (GCC) 4.4.7 20120313 (Red Hat 4.4.7-18)
Copyright (C) 2010 Free Software Foundation, Inc.
This is free software; see the source for copying conditions.  There is NO
warranty; not even for MERCHANTABILITY or FITNESS FOR A PARTICULAR PURPOSE.

configure:3051: $? = 0
configure:3058: gcc -v >&5
Using built-in specs.
Target: x86_64-redhat-linux
Configured with: ../configure --prefix=/usr --mandir=/usr/share/man --infodir=/usr/share/info --with-bugurl=http://bugzilla.redhat.com/bugzilla --enable-bootstrap --enable-shared --enable-threads=posix --enable-checking=release --with-system-zlib --enable-__cxa_atexit --disable-libunwind-exceptions --enable-gnu-unique-object --enable-languages=c,c++,objc,obj-c++,java,fortran,ada --enable-java-awt=gtk --disable-dssi --with-java-home=/usr/lib/jvm/java-1.5.0-gcj-1.5.0.0/jre --enable-libgcj-multifile --enable-java-maintainer-mode --with-ecj-jar=/usr/share/java/eclipse-ecj.jar --disable-libjava-multilib --with-ppl --with-cloog --with-tune=generic --with-arch_32=i686 --build=x86_64-redhat-linux
Thread model: posix
gcc version 4.4.7 20120313 (Red Hat 4.4.7-18) (GCC) 
configure:3062: $? = 0
configure:3069: gcc -V >&5
gcc: '-V' option must have argument
configure:3073: $? = 1
configure:3096: checking for C compiler default output file name
configure:3118: gcc    conftest.c  >&5
configure:3122: $? = 0
configure:3160: result: a.out
configure:3179: checking whether the C compiler works
configure:3189: ./a.out
configure:3193: $? = 0
configure:3212: result: yes
configure:3219: checking whether we are cross compiling
configure:3221: result: no
configure:3224: checking for suffix of executables
configure:3231: gcc -o conftest    conftest.c  >&5
configure:3235: $? = 0
configure:3261: result: 
configure:3267: checking for suffix of object files
configure:3293: gcc -c   conftest.c >&5
configure:3297: $? = 0
configure:3322: result: o
configure:3326: checking whether we are using the GNU C compiler
configure:3355: gcc -c   conftest.c >&5
configure:3362: $? = 0
configure:3379: result: yes
configure:3388: checking whether gcc accepts -g
configure:3418: gcc -c -g  conftest.c >&5
configure:3425: $? = 0
configure:3526: result: yes
configure:3543: checking for gcc option to accept ISO C89
configure:3617: gcc  -c -g -O2  conftest.c >&5
configure:3624: $? = 0
configure:3647: result: none needed
configure:3667: checking dependency style of gcc
configure:3777: result: gcc3
configure:3792: checking for a sed that does not truncate output
configure:3858: result: /bin/sed
configure:3876: checking for grep that handles long lines and -e
configure:3936: result: /bin/grep
configure:3941: checking for egrep
configure:4005: result: /bin/grep -E
configure:4010: checking for fgrep
configure:4074: result: /bin/grep -F
configure:4109: checking for ld used by gcc
configure:4176: result: /usr/bin/ld
configure:4185: checking if the linker (/usr/bin/ld) is GNU ld
configure:4200: result: yes
configure:4212: checking for BSD- or MS-compatible name lister (nm)
configure:4261: result: /usr/bin/nm -B
configure:4379: checking the name lister (/usr/bin/nm -B) interface
configure:4386: gcc -c -g -O2  conftest.c >&5
configure:4389: /usr/bin/nm -B "conftest.o"
configure:4392: output
0000000000000000 B some_variable
configure:4399: result: BSD nm
configure:4402: checking whether ln -s works
configure:4406: result: yes
configure:4414: checking the maximum length of command line arguments
configure:4534: result: 1966080
configure:4551: checking whether the shell understands some XSI constructs
configure:4561: result: yes
configure:4565: checking whether the shell understands "+="
configure:4571: result: yes
configure:4606: checking for /usr/bin/ld option to reload object files
configure:4613: result: -r
configure:4682: checking for objdump
configure:4698: found /usr/bin/objdump
configure:4709: result: objdump
configure:4741: checking how to recognize dependent libraries
configure:4937: result: pass_all
configure:4997: checking for ar
configure:5013: found /usr/bin/ar
configure:5024: result: ar
configure:5102: checking for strip
configure:5118: found /usr/bin/strip
configure:5129: result: strip
configure:5201: checking for ranlib
configure:5217: found /usr/bin/ranlib
configure:5228: result: ranlib
configure:5318: checking command to parse /usr/bin/nm -B output from gcc object
configure:5436: gcc -c -g -O2  conftest.c >&5
configure:5439: $? = 0
configure:5443: /usr/bin/nm -B conftest.o \| sed -n -e 's/^.*[	 ]\([ABCDGIRSTW][ABCDGIRSTW]*\)[	 ][	 ]*\([_A-Za-z][_A-Za-z0-9]*\)$/\1 \2 \2/p' \> conftest.nm
configure:5446: $? = 0
configure:5500: gcc -o conftest -g -O2   conftest.c conftstm.o >&5
configure:5503: $? = 0
configure:5541: result: ok
configure:5637: gcc -c -g -O2  conftest.c >&5
configure:5640: $? = 0
configure:6408: checking how to run the C preprocessor
configure:6448: gcc -E  conftest.c
configure:6455: $? = 0
configure:6486: gcc -E  conftest.c
conftest.c:10:28: error: ac_nonexistent.h: No such file or directory
configure:6493: $? = 1
configure: failed program was:
| /* confdefs.h.  */
| #define PACKAGE_NAME "nDPI"
| #define PACKAGE_TARNAME "ndpi"
| #define PACKAGE_VERSION "1.4.0"
| #define PACKAGE_STRING "nDPI 1.4.0"
| #define PACKAGE_BUGREPORT ""
| #define PACKAGE "ndpi"
| #define VERSION "1.4.0"
| /* end confdefs.h.  */
| #include <ac_nonexistent.h>
configure:6526: result: gcc -E
configure:6555: gcc -E  conftest.c
configure:6562: $? = 0
configure:6593: gcc -E  conftest.c
conftest.c:10:28: error: ac_nonexistent.h: No such file or directory
configure:6600: $? = 1
configure: failed program was:
| /* confdefs.h.  */
| #define PACKAGE_NAME "nDPI"
| #define PACKAGE_TARNAME "ndpi"
| #define PACKAGE_VERSION "1.4.0"
| #define PACKAGE_STRING "nDPI 1.4.0"
| #define PACKAGE_BUGREPORT ""
| #define PACKAGE "ndpi"
| #define VERSION "1.4.0"
| /* end confdefs.h.  */
| #include <ac_nonexistent.h>
configure:6640: checking for ANSI C header files
configure:6670: gcc -c -g -O2  conftest.c >&5
configure:6677: $? = 0
configure:6776: gcc -o conftest -g -O2   conftest.c  >&5
configure:6780: $? = 0
configure:6786: ./conftest
configure:6790: $? = 0
configure:6808: result: yes
configure:6832: checking for sys/types.h
configure:6853: gcc -c -g -O2  conftest.c >&5
configure:6860: $? = 0
configure:6877: result: yes
configure:6832: checking for sys/stat.h
configure:6853: gcc -c -g -O2  conftest.c >&5
configure:6860: $? = 0
configure:6877: result: yes
configure:6832: checking for stdlib.h
configure:6853: gcc -c -g -O2  conftest.c >&5
configure:6860: $? = 0
configure:6877: result: yes
configure:6832: checking for string.h
configure:6853: gcc -c -g -O2  conftest.c >&5
configure:6860: $? = 0
configure:6877: result: yes
configure:6832: checking for memory.h
configure:6853: gcc -c -g -O2  conftest.c >&5
configure:6860: $? = 0
configure:6877: result: yes
configure:6832: checking for strings.h
configure:6853: gcc -c -g -O2  conftest.c >&5
configure:6860: $? = 0
configure:6877: result: yes
configure:6832: checking for inttypes.h
configure:6853: gcc -c -g -O2  conftest.c >&5
configure:6860: $? = 0
configure:6877: result: yes
configure:6832: checking for stdint.h
configure:6853: gcc -c -g -O2  conftest.c >&5
configure:6860: $? = 0
configure:6877: result: yes
configure:6832: checking for unistd.h
configure:6853: gcc -c -g -O2  conftest.c >&5
configure:6860: $? = 0
configure:6877: result: yes
configure:6895: checking for dlfcn.h
configure:6916: gcc -c -g -O2  conftest.c >&5
configure:6923: $? = 0
configure:6940: result: yes
configure:7126: checking for objdir
configure:7141: result: .libs
configure:7437: checking if gcc supports -fno-rtti -fno-exceptions
configure:7455: gcc -c -g -O2  -fno-rtti -fno-exceptions conftest.c >&5
cc1: warning: command line option "-fno-rtti" is valid for C++/ObjC++ but not for C
configure:7459: $? = 0
configure:7472: result: no
configure:7492: checking for gcc option to produce PIC
configure:7764: result: -fPIC -DPIC
configure:7776: checking if gcc PIC flag -fPIC -DPIC works
configure:7794: gcc -c -g -O2  -fPIC -DPIC -DPIC conftest.c >&5
configure:7798: $? = 0
configure:7811: result: yes
configure:7835: checking if gcc static flag -static works
configure:7863: result: no
configure:7878: checking if gcc supports -c -o file.o
configure:7899: gcc -c -g -O2  -o out/conftest2.o conftest.c >&5
configure:7903: $? = 0
configure:7925: result: yes
configure:7933: checking if gcc supports -c -o file.o
configure:7980: result: yes
configure:8013: checking whether the gcc linker (/usr/bin/ld -m elf_x86_64) supports shared libraries
configure:9087: result: yes
configure:9124: checking whether -lc should be explicitly linked in
configure:9129: gcc -c -g -O2  conftest.c >&5
configure:9132: $? = 0
configure:9147: gcc -shared conftest.o  -v -Wl,-soname -Wl,conftest -o conftest 2\>\&1 \| /bin/grep  -lc  \>/dev/null 2\>\&1
configure:9150: $? = 0
configure:9162: result: no
configure:9326: checking dynamic linker characteristics
configure:9769: gcc -o conftest -g -O2   -Wl,-rpath -Wl,/foo conftest.c  >&5
configure:9776: $? = 0
configure:10012: result: GNU/Linux ld.so
configure:10114: checking how to hardcode library paths into programs
configure:10139: result: immediate
configure:10972: checking whether stripping libraries is possible
configure:10977: result: yes
configure:11012: checking if libtool supports shared libraries
configure:11014: result: yes
configure:11017: checking whether to build shared libraries
configure:11038: result: yes
configure:11041: checking whether to build static libraries
configure:11045: result: yes
configure:11129: checking for gcc
configure:11156: result: gcc
configure:11388: checking for C compiler version
configure:11396: gcc --version >&5
gcc (GCC) 4.4.7 20120313 (Red Hat 4.4.7-18)
Copyright (C) 2010 Free Software Foundation, Inc.
This is free software; see the source for copying conditions.  There is NO
warranty; not even for MERCHANTABILITY or FITNESS FOR A PARTICULAR PURPOSE.

configure:11400: $? = 0
configure:11407: gcc -v >&5
Using built-in specs.
Target: x86_64-redhat-linux
Configured with: ../configure --prefix=/usr --mandir=/usr/share/man --infodir=/usr/share/info --with-bugurl=http://bugzilla.redhat.com/bugzilla --enable-bootstrap --enable-shared --enable-threads=posix --enable-checking=release --with-system-zlib --enable-__cxa_atexit --disable-libunwind-exceptions --enable-gnu-unique-object --enable-languages=c,c++,objc,obj-c++,java,fortran,ada --enable-java-awt=gtk --disable-dssi --with-java-home=/usr/lib/jvm/java-1.5.0-gcj-1.5.0.0/jre --enable-libgcj-multifile --enable-java-maintainer-mode --with-ecj-jar=/usr/share/java/eclipse-ecj.jar --disable-libjava-multilib --with-ppl --with-cloog --with-tune=generic --with-arch_32=i686 --build=x86_64-redhat-linux
Thread model: posix
gcc version 4.4.7 20120313 (Red Hat 4.4.7-18) (GCC) 
configure:11411: $? = 0
configure:11418: gcc -V >&5
gcc: '-V' option must have argument
configure:11422: $? = 1
configure:11425: checking whether we are using the GNU C compiler
configure:11478: result: yes
configure:11487: checking whether gcc accepts -g
configure:11625: result: yes
configure:11642: checking for gcc option to accept ISO C89
configure:11746: result: none needed
configure:11766: checking dependency style of gcc
configure:11876: result: gcc3
configure:11905: checking for a BSD-compatible install
configure:11973: result: /usr/bin/install -c
configure:12007: checking netinet/in.h usability
configure:12024: gcc -c -g -O2  conftest.c >&5
configure:12031: $? = 0
configure:12045: result: yes
configure:12049: checking netinet/in.h presence
configure:12064: gcc -E  conftest.c
configure:12071: $? = 0
configure:12085: result: yes
configure:12113: checking for netinet/in.h
configure:12122: result: yes
configure:11996: checking for stdint.h
configure:12003: result: yes
configure:11996: checking for stdlib.h
configure:12003: result: yes
configure:11996: checking for string.h
configure:12003: result: yes
configure:11996: checking for unistd.h
configure:12003: result: yes
configure:12275: creating ./config.status

## ---------------- ##
## Cache variables. ##
## ---------------- ##

ac_cv_build=x86_64-unknown-linux-gnu
ac_cv_c_compiler_gnu=yes
ac_cv_env_CC_set=
ac_cv_env_CC_value=
ac_cv_env_CFLAGS_set=
ac_cv_env_CFLAGS_value=
ac_cv_env_CPPFLAGS_set=
ac_cv_env_CPPFLAGS_value=
ac_cv_env_CPP_set=
ac_cv_env_CPP_value=
ac_cv_env_LDFLAGS_set=
ac_cv_env_LDFLAGS_value=
ac_cv_env_LIBS_set=
ac_cv_env_LIBS_value=
ac_cv_env_build_alias_set=
ac_cv_env_build_alias_value=
ac_cv_env_host_alias_set=
ac_cv_env_host_alias_value=
ac_cv_env_target_alias_set=
ac_cv_env_target_alias_value=
ac_cv_header_dlfcn_h=yes
ac_cv_header_inttypes_h=yes
ac_cv_header_memory_h=yes
ac_cv_header_netinet_in_h=yes
ac_cv_header_stdc=yes
ac_cv_header_stdint_h=yes
ac_cv_header_stdlib_h=yes
ac_cv_header_string_h=yes
ac_cv_header_strings_h=yes
ac_cv_header_sys_stat_h=yes
ac_cv_header_sys_types_h=yes
ac_cv_header_unistd_h=yes
ac_cv_host=x86_64-unknown-linux-gnu
ac_cv_objext=o
ac_cv_path_EGREP='/bin/grep -E'
ac_cv_path_FGREP='/bin/grep -F'
ac_cv_path_GREP=/bin/grep
ac_cv_path_SED=/bin/sed
ac_cv_path_install='/usr/bin/install -c'
ac_cv_path_mkdir=/bin/mkdir
ac_cv_prog_AWK=gawk
ac_cv_prog_CPP='gcc -E'
ac_cv_prog_ac_ct_AR=ar
ac_cv_prog_ac_ct_CC=gcc
ac_cv_prog_ac_ct_OBJDUMP=objdump
ac_cv_prog_ac_ct_RANLIB=ranlib
ac_cv_prog_ac_ct_STRIP=strip
ac_cv_prog_cc_c89=
ac_cv_prog_cc_g=yes
ac_cv_prog_make_make_set=yes
am_cv_CC_dependencies_compiler_type=gcc3
lt_cv_deplibs_check_method=pass_all
lt_cv_file_magic_cmd='$MAGIC_CMD'
lt_cv_file_magic_test_file=
lt_cv_ld_reload_flag=-r
lt_cv_nm_interface='BSD nm'
lt_cv_objdir=.libs
lt_cv_path_LD=/usr/bin/ld
lt_cv_path_NM='/usr/bin/nm -B'
lt_cv_prog_compiler_c_o=yes
lt_cv_prog_compiler_pic_works=yes
lt_cv_prog_compiler_rtti_exceptions=no
lt_cv_prog_compiler_static_works=no
lt_cv_prog_gnu_ld=yes
lt_cv_sys_global_symbol_pipe='sed -n -e '\''s/^.*[	 ]\([ABCDGIRSTW][ABCDGIRSTW]*\)[	 ][	 ]*\([_A-Za-z][_A-Za-z0-9]*\)$/\1 \2 \2/p'\'''
lt_cv_sys_global_symbol_to_c_name_address='sed -n -e '\''s/^: \([^ ]*\) $/  {\"\1\", (void *) 0},/p'\'' -e '\''s/^[ABCDGIRSTW]* \([^ ]*\) \([^ ]*\)$/  {"\2", (void *) \&\2},/p'\'''
lt_cv_sys_global_symbol_to_c_name_address_lib_prefix='sed -n -e '\''s/^: \([^ ]*\) $/  {\"\1\", (void *) 0},/p'\'' -e '\''s/^[ABCDGIRSTW]* \([^ ]*\) \(lib[^ ]*\)$/  {"\2", (void *) \&\2},/p'\'' -e '\''s/^[ABCDGIRSTW]* \([^ ]*\) \([^ ]*\)$/  {"lib\2", (void *) \&\2},/p'\'''
lt_cv_sys_global_symbol_to_cdecl='sed -n -e '\''s/^T .* \(.*\)$/extern int \1();/p'\'' -e '\''s/^[ABCDGIRSTW]* .* \(.*\)$/extern char \1;/p'\'''
lt_cv_sys_max_cmd_len=1966080

## ----------------- ##
## Output variables. ##
## ----------------- ##

ACLOCAL='${SHELL} /root/iptable_ndpi/iptables_ndpi-1.4.0/nDPI/missing --run aclocal-1.11'
AMDEPBACKSLASH='\'
AMDEP_FALSE='#'
AMDEP_TRUE=''
AMTAR='${SHELL} /root/iptable_ndpi/iptables_ndpi-1.4.0/nDPI/missing --run tar'
AR='ar'
AUTOCONF='${SHELL} /root/iptable_ndpi/iptables_ndpi-1.4.0/nDPI/missing --run autoconf'
AUTOHEADER='${SHELL} /root/iptable_ndpi/iptables_ndpi-1.4.0/nDPI/missing --run autoheader'
AUTOMAKE='${SHELL} /root/iptable_ndpi/iptables_ndpi-1.4.0/nDPI/missing --run automake-1.11'
AWK='gawk'
CC='gcc'
CCDEPMODE='depmode=gcc3'
CFLAGS='-g -O2'
CPP='gcc -E'
CPPFLAGS=''
CYGPATH_W='echo'
DEFS='-DHAVE_CONFIG_H'
DEPDIR='.deps'
DSYMUTIL=''
DUMPBIN=''
ECHO_C=''
ECHO_N='-n'
ECHO_T=''
EGREP='/bin/grep -E'
EXEEXT=''
FGREP='/bin/grep -F'
GREP='/bin/grep'
INSTALL_DATA='${INSTALL} -m 644'
INSTALL_PROGRAM='${INSTALL}'
INSTALL_SCRIPT='${INSTALL}'
INSTALL_STRIP_PROGRAM='$(install_sh) -c -s'
LD='/usr/bin/ld -m elf_x86_64'
LDFLAGS=''
LIBOBJS=''
LIBS=''
LIBTOOL='$(SHELL) $(top_builddir)/libtool'
LIPO=''
LN_S='ln -s'
LTLIBOBJS=''
MAKEINFO='${SHELL} /root/iptable_ndpi/iptables_ndpi-1.4.0/nDPI/missing --run makeinfo'
MKDIR_P='/bin/mkdir -p'
NM='/usr/bin/nm -B'
NMEDIT=''
OBJDUMP='objdump'
OBJEXT='o'
OTOOL64=''
OTOOL=''
PACKAGE='ndpi'
PACKAGE_BUGREPORT=''
PACKAGE_NAME='nDPI'
PACKAGE_STRING='nDPI 1.4.0'
PACKAGE_TARNAME='ndpi'
PACKAGE_VERSION='1.4.0'
PATH_SEPARATOR=':'
RANLIB='ranlib'
SED='/bin/sed'
SET_MAKE=''
SHELL='/bin/sh'
STRIP='strip'
VERSION='1.4.0'
ac_ct_CC='gcc'
ac_ct_DUMPBIN=''
am__EXEEXT_FALSE=''
am__EXEEXT_TRUE='#'
am__fastdepCC_FALSE='#'
am__fastdepCC_TRUE=''
am__include='include'
am__isrc=''
am__leading_dot='.'
am__quote=''
am__tar='${AMTAR} chof - "$$tardir"'
am__untar='${AMTAR} xf -'
bindir='${exec_prefix}/bin'
build='x86_64-unknown-linux-gnu'
build_alias=''
build_cpu='x86_64'
build_os='linux-gnu'
build_vendor='unknown'
datadir='${datarootdir}'
datarootdir='${prefix}/share'
docdir='${datarootdir}/doc/${PACKAGE_TARNAME}'
dvidir='${docdir}'
exec_prefix='${prefix}'
host='x86_64-unknown-linux-gnu'
host_alias=''
host_cpu='x86_64'
host_os='linux-gnu'
host_vendor='unknown'
htmldir='${docdir}'
includedir='${prefix}/include'
infodir='${datarootdir}/info'
install_sh='${SHELL} /root/iptable_ndpi/iptables_ndpi-1.4.0/nDPI/install-sh'
libdir='${exec_prefix}/lib'
libexecdir='${exec_prefix}/libexec'
localedir='${datarootdir}/locale'
localstatedir='${prefix}/var'
lt_ECHO='echo'
mandir='${datarootdir}/man'
mkdir_p='/bin/mkdir -p'
oldincludedir='/usr/include'
pdfdir='${docdir}'
prefix='/usr/local'
program_transform_name='s,x,x,'
psdir='${docdir}'
sbindir='${exec_prefix}/sbin'
sharedstatedir='${prefix}/com'
sysconfdir='${prefix}/etc'
target_alias=''

## ----------- ##
## confdefs.h. ##
## ----------- ##

#define PACKAGE_NAME "nDPI"
#define PACKAGE_TARNAME "ndpi"
#define PACKAGE_VERSION "1.4.0"
#define PACKAGE_STRING "nDPI 1.4.0"
#define PACKAGE_BUGREPORT ""
#define PACKAGE "ndpi"
#define VERSION "1.4.0"
#define STDC_HEADERS 1
#define HAVE_SYS_TYPES_H 1
#define HAVE_SYS_STAT_H 1
#define HAVE_STDLIB_H 1
#define HAVE_STRING_H 1
#define HAVE_MEMORY_H 1
#define HAVE_STRINGS_H 1
#define HAVE_INTTYPES_H 1
#define HAVE_STDINT_H 1
#define HAVE_UNISTD_H 1
#define HAVE_DLFCN_H 1
#define LT_OBJDIR ".libs/"
#define HAVE_NETINET_IN_H 1
#define HAVE_STDINT_H 1
#define HAVE_STDLIB_H 1
#define HAVE_STRING_H 1
#define HAVE_UNISTD_H 1

configure: exit 0

## ---------------------- ##
## Running config.status. ##
## ---------------------- ##

This file was extended by nDPI config.status 1.4.0, which was
generated by GNU Autoconf 2.63.  Invocation command line was

  CONFIG_FILES    = 
  CONFIG_HEADERS  = 
  CONFIG_LINKS    = 
  CONFIG_COMMANDS = 
  $ ./config.status 

on localhost.localdomain

config.status:991: creating Makefile
config.status:991: creating src/lib/Makefile
config.status:991: creating src/include/Makefile
config.status:991: creating libndpi.pc
config.status:991: creating config.h
config.status:1213: config.h is unchanged
config.status:1265: executing depfiles commands
config.status:1265: executing libtool commands

## ---------------------- ##
## Running config.status. ##
## ---------------------- ##

This file was extended by nDPI config.status 1.4.0, which was
generated by GNU Autoconf 2.63.  Invocation command line was

  CONFIG_FILES    = 
  CONFIG_HEADERS  = 
  CONFIG_LINKS    = 
  CONFIG_COMMANDS = 
  $ ./config.status config.h

on localhost.localdomain

config.status:991: creating config.h
config.status:1213: config.h is unchanged

## ---------------------- ##
## Running config.status. ##
## ---------------------- ##

This file was extended by nDPI config.status 1.4.0, which was
generated by GNU Autoconf 2.63.  Invocation command line was

  CONFIG_FILES    = 
  CONFIG_HEADERS  = 
  CONFIG_LINKS    = 
  CONFIG_COMMANDS = 
  $ ./config.status src/lib/Makefile depfiles

on localhost.localdomain

config.status:991: creating src/lib/Makefile
config.status:1265: executing depfiles commands

## ---------------------- ##
## Running config.status. ##
## ---------------------- ##

This file was extended by nDPI config.status 1.4.0, which was
generated by GNU Autoconf 2.63.  Invocation command line was

  CONFIG_FILES    = 
  CONFIG_HEADERS  = 
  CONFIG_LINKS    = 
  CONFIG_COMMANDS = 
  $ ./config.status src/lib/Makefile depfiles

on localhost.localdomain

config.status:991: creating src/lib/Makefile
config.status:1265: executing depfiles commands
